ARM GAS  C:\Users\노호진\AppData\Local\Temp\ccHfyQ8P.s 			page 1


   1              		.cpu cortex-m4
   2              		.arch armv7e-m
   3              		.fpu fpv4-sp-d16
   4              		.eabi_attribute 27, 1
   5              		.eabi_attribute 28, 1
   6              		.eabi_attribute 20, 1
   7              		.eabi_attribute 21, 1
   8              		.eabi_attribute 23, 3
   9              		.eabi_attribute 24, 1
  10              		.eabi_attribute 25, 1
  11              		.eabi_attribute 26, 1
  12              		.eabi_attribute 30, 1
  13              		.eabi_attribute 34, 1
  14              		.eabi_attribute 18, 4
  15              		.file	"gpio.c"
  16              		.text
  17              	.Ltext0:
  18              		.cfi_sections	.debug_frame
  19              		.section	.text.MX_GPIO_Init,"ax",%progbits
  20              		.align	1
  21              		.global	MX_GPIO_Init
  22              		.syntax unified
  23              		.thumb
  24              		.thumb_func
  26              	MX_GPIO_Init:
  27              	.LFB130:
  28              		.file 1 "Core/Src/gpio.c"
   1:Core/Src/gpio.c **** /* USER CODE BEGIN Header */
   2:Core/Src/gpio.c **** /**
   3:Core/Src/gpio.c ****   ******************************************************************************
   4:Core/Src/gpio.c ****   * @file    gpio.c
   5:Core/Src/gpio.c ****   * @brief   This file provides code for the configuration
   6:Core/Src/gpio.c ****   *          of all used GPIO pins.
   7:Core/Src/gpio.c ****   ******************************************************************************
   8:Core/Src/gpio.c ****   * @attention
   9:Core/Src/gpio.c ****   *
  10:Core/Src/gpio.c ****   * Copyright (c) 2022 STMicroelectronics.
  11:Core/Src/gpio.c ****   * All rights reserved.
  12:Core/Src/gpio.c ****   *
  13:Core/Src/gpio.c ****   * This software is licensed under terms that can be found in the LICENSE file
  14:Core/Src/gpio.c ****   * in the root directory of this software component.
  15:Core/Src/gpio.c ****   * If no LICENSE file comes with this software, it is provided AS-IS.
  16:Core/Src/gpio.c ****   *
  17:Core/Src/gpio.c ****   ******************************************************************************
  18:Core/Src/gpio.c ****   */
  19:Core/Src/gpio.c **** /* USER CODE END Header */
  20:Core/Src/gpio.c **** 
  21:Core/Src/gpio.c **** /* Includes ------------------------------------------------------------------*/
  22:Core/Src/gpio.c **** #include "gpio.h"
  23:Core/Src/gpio.c **** 
  24:Core/Src/gpio.c **** /* USER CODE BEGIN 0 */
  25:Core/Src/gpio.c **** 
  26:Core/Src/gpio.c **** /* USER CODE END 0 */
  27:Core/Src/gpio.c **** 
  28:Core/Src/gpio.c **** /*----------------------------------------------------------------------------*/
  29:Core/Src/gpio.c **** /* Configure GPIO                                                             */
  30:Core/Src/gpio.c **** /*----------------------------------------------------------------------------*/
ARM GAS  C:\Users\노호진\AppData\Local\Temp\ccHfyQ8P.s 			page 2


  31:Core/Src/gpio.c **** /* USER CODE BEGIN 1 */
  32:Core/Src/gpio.c **** 
  33:Core/Src/gpio.c **** /* USER CODE END 1 */
  34:Core/Src/gpio.c **** 
  35:Core/Src/gpio.c **** /** Configure pins as
  36:Core/Src/gpio.c ****         * Analog
  37:Core/Src/gpio.c ****         * Input
  38:Core/Src/gpio.c ****         * Output
  39:Core/Src/gpio.c ****         * EVENT_OUT
  40:Core/Src/gpio.c ****         * EXTI
  41:Core/Src/gpio.c **** */
  42:Core/Src/gpio.c **** void MX_GPIO_Init(void)
  43:Core/Src/gpio.c **** {
  29              		.loc 1 43 1 view -0
  30              		.cfi_startproc
  31              		@ args = 0, pretend = 0, frame = 32
  32              		@ frame_needed = 0, uses_anonymous_args = 0
  33 0000 2DE9F041 		push	{r4, r5, r6, r7, r8, lr}
  34              	.LCFI0:
  35              		.cfi_def_cfa_offset 24
  36              		.cfi_offset 4, -24
  37              		.cfi_offset 5, -20
  38              		.cfi_offset 6, -16
  39              		.cfi_offset 7, -12
  40              		.cfi_offset 8, -8
  41              		.cfi_offset 14, -4
  42 0004 88B0     		sub	sp, sp, #32
  43              	.LCFI1:
  44              		.cfi_def_cfa_offset 56
  44:Core/Src/gpio.c **** 
  45:Core/Src/gpio.c ****   GPIO_InitTypeDef GPIO_InitStruct = {0};
  45              		.loc 1 45 3 view .LVU1
  46              		.loc 1 45 20 is_stmt 0 view .LVU2
  47 0006 0024     		movs	r4, #0
  48 0008 0394     		str	r4, [sp, #12]
  49 000a 0494     		str	r4, [sp, #16]
  50 000c 0594     		str	r4, [sp, #20]
  51 000e 0694     		str	r4, [sp, #24]
  52 0010 0794     		str	r4, [sp, #28]
  46:Core/Src/gpio.c **** 
  47:Core/Src/gpio.c ****   /* GPIO Ports Clock Enable */
  48:Core/Src/gpio.c ****   __HAL_RCC_GPIOA_CLK_ENABLE();
  53              		.loc 1 48 3 is_stmt 1 view .LVU3
  54              	.LBB2:
  55              		.loc 1 48 3 view .LVU4
  56 0012 0194     		str	r4, [sp, #4]
  57              		.loc 1 48 3 view .LVU5
  58 0014 1C4B     		ldr	r3, .L3
  59 0016 1A6B     		ldr	r2, [r3, #48]
  60 0018 42F00102 		orr	r2, r2, #1
  61 001c 1A63     		str	r2, [r3, #48]
  62              		.loc 1 48 3 view .LVU6
  63 001e 1A6B     		ldr	r2, [r3, #48]
  64 0020 02F00102 		and	r2, r2, #1
  65 0024 0192     		str	r2, [sp, #4]
  66              		.loc 1 48 3 view .LVU7
  67 0026 019A     		ldr	r2, [sp, #4]
ARM GAS  C:\Users\노호진\AppData\Local\Temp\ccHfyQ8P.s 			page 3


  68              	.LBE2:
  69              		.loc 1 48 3 view .LVU8
  49:Core/Src/gpio.c ****   __HAL_RCC_GPIOD_CLK_ENABLE();
  70              		.loc 1 49 3 view .LVU9
  71              	.LBB3:
  72              		.loc 1 49 3 view .LVU10
  73 0028 0294     		str	r4, [sp, #8]
  74              		.loc 1 49 3 view .LVU11
  75 002a 1A6B     		ldr	r2, [r3, #48]
  76 002c 42F00802 		orr	r2, r2, #8
  77 0030 1A63     		str	r2, [r3, #48]
  78              		.loc 1 49 3 view .LVU12
  79 0032 1B6B     		ldr	r3, [r3, #48]
  80 0034 03F00803 		and	r3, r3, #8
  81 0038 0293     		str	r3, [sp, #8]
  82              		.loc 1 49 3 view .LVU13
  83 003a 029B     		ldr	r3, [sp, #8]
  84              	.LBE3:
  85              		.loc 1 49 3 view .LVU14
  50:Core/Src/gpio.c **** 
  51:Core/Src/gpio.c ****   /*Configure GPIO pin Output Level */
  52:Core/Src/gpio.c ****   HAL_GPIO_WritePin(PA12_LED_GPIO_Port, PA12_LED_Pin, GPIO_PIN_RESET);
  86              		.loc 1 52 3 view .LVU15
  87 003c DFF85080 		ldr	r8, .L3+8
  88 0040 2246     		mov	r2, r4
  89 0042 4FF48051 		mov	r1, #4096
  90 0046 4046     		mov	r0, r8
  91 0048 FFF7FEFF 		bl	HAL_GPIO_WritePin
  92              	.LVL0:
  53:Core/Src/gpio.c **** 
  54:Core/Src/gpio.c ****   /*Configure GPIO pin Output Level */
  55:Core/Src/gpio.c ****   HAL_GPIO_WritePin(PD7_LED_GPIO_Port, PD7_LED_Pin, GPIO_PIN_RESET);
  93              		.loc 1 55 3 view .LVU16
  94 004c 0F4D     		ldr	r5, .L3+4
  95 004e 2246     		mov	r2, r4
  96 0050 8021     		movs	r1, #128
  97 0052 2846     		mov	r0, r5
  98 0054 FFF7FEFF 		bl	HAL_GPIO_WritePin
  99              	.LVL1:
  56:Core/Src/gpio.c **** 
  57:Core/Src/gpio.c ****   /*Configure GPIO pin : PtPin */
  58:Core/Src/gpio.c ****   GPIO_InitStruct.Pin = PA12_LED_Pin;
 100              		.loc 1 58 3 view .LVU17
 101              		.loc 1 58 23 is_stmt 0 view .LVU18
 102 0058 4FF48053 		mov	r3, #4096
 103 005c 0393     		str	r3, [sp, #12]
  59:Core/Src/gpio.c ****   GPIO_InitStruct.Mode = GPIO_MODE_OUTPUT_PP;
 104              		.loc 1 59 3 is_stmt 1 view .LVU19
 105              		.loc 1 59 24 is_stmt 0 view .LVU20
 106 005e 0127     		movs	r7, #1
 107 0060 0497     		str	r7, [sp, #16]
  60:Core/Src/gpio.c ****   GPIO_InitStruct.Pull = GPIO_PULLDOWN;
 108              		.loc 1 60 3 is_stmt 1 view .LVU21
 109              		.loc 1 60 24 is_stmt 0 view .LVU22
 110 0062 0226     		movs	r6, #2
 111 0064 0596     		str	r6, [sp, #20]
  61:Core/Src/gpio.c ****   GPIO_InitStruct.Speed = GPIO_SPEED_FREQ_LOW;
ARM GAS  C:\Users\노호진\AppData\Local\Temp\ccHfyQ8P.s 			page 4


 112              		.loc 1 61 3 is_stmt 1 view .LVU23
 113              		.loc 1 61 25 is_stmt 0 view .LVU24
 114 0066 0694     		str	r4, [sp, #24]
  62:Core/Src/gpio.c ****   HAL_GPIO_Init(PA12_LED_GPIO_Port, &GPIO_InitStruct);
 115              		.loc 1 62 3 is_stmt 1 view .LVU25
 116 0068 03A9     		add	r1, sp, #12
 117 006a 4046     		mov	r0, r8
 118 006c FFF7FEFF 		bl	HAL_GPIO_Init
 119              	.LVL2:
  63:Core/Src/gpio.c **** 
  64:Core/Src/gpio.c ****   /*Configure GPIO pin : PtPin */
  65:Core/Src/gpio.c ****   GPIO_InitStruct.Pin = PD7_LED_Pin;
 120              		.loc 1 65 3 view .LVU26
 121              		.loc 1 65 23 is_stmt 0 view .LVU27
 122 0070 8023     		movs	r3, #128
 123 0072 0393     		str	r3, [sp, #12]
  66:Core/Src/gpio.c ****   GPIO_InitStruct.Mode = GPIO_MODE_OUTPUT_PP;
 124              		.loc 1 66 3 is_stmt 1 view .LVU28
 125              		.loc 1 66 24 is_stmt 0 view .LVU29
 126 0074 0497     		str	r7, [sp, #16]
  67:Core/Src/gpio.c ****   GPIO_InitStruct.Pull = GPIO_PULLDOWN;
 127              		.loc 1 67 3 is_stmt 1 view .LVU30
 128              		.loc 1 67 24 is_stmt 0 view .LVU31
 129 0076 0596     		str	r6, [sp, #20]
  68:Core/Src/gpio.c ****   GPIO_InitStruct.Speed = GPIO_SPEED_FREQ_LOW;
 130              		.loc 1 68 3 is_stmt 1 view .LVU32
 131              		.loc 1 68 25 is_stmt 0 view .LVU33
 132 0078 0694     		str	r4, [sp, #24]
  69:Core/Src/gpio.c ****   HAL_GPIO_Init(PD7_LED_GPIO_Port, &GPIO_InitStruct);
 133              		.loc 1 69 3 is_stmt 1 view .LVU34
 134 007a 03A9     		add	r1, sp, #12
 135 007c 2846     		mov	r0, r5
 136 007e FFF7FEFF 		bl	HAL_GPIO_Init
 137              	.LVL3:
  70:Core/Src/gpio.c **** 
  71:Core/Src/gpio.c **** }
 138              		.loc 1 71 1 is_stmt 0 view .LVU35
 139 0082 08B0     		add	sp, sp, #32
 140              	.LCFI2:
 141              		.cfi_def_cfa_offset 24
 142              		@ sp needed
 143 0084 BDE8F081 		pop	{r4, r5, r6, r7, r8, pc}
 144              	.L4:
 145              		.align	2
 146              	.L3:
 147 0088 00380240 		.word	1073887232
 148 008c 000C0240 		.word	1073875968
 149 0090 00000240 		.word	1073872896
 150              		.cfi_endproc
 151              	.LFE130:
 153              		.text
 154              	.Letext0:
 155              		.file 2 "c:\\program files (x86)\\gnu arm embedded toolchain\\10 2021.10\\arm-none-eabi\\include\\
 156              		.file 3 "c:\\program files (x86)\\gnu arm embedded toolchain\\10 2021.10\\arm-none-eabi\\include\\
 157              		.file 4 "Drivers/CMSIS/Device/ST/STM32F4xx/Include/stm32f407xx.h"
 158              		.file 5 "Drivers/STM32F4xx_HAL_Driver/Inc/stm32f4xx_hal_gpio.h"
ARM GAS  C:\Users\노호진\AppData\Local\Temp\ccHfyQ8P.s 			page 5


DEFINED SYMBOLS
                            *ABS*:00000000 gpio.c
C:\Users\노호진\AppData\Local\Temp\ccHfyQ8P.s:20     .text.MX_GPIO_Init:00000000 $t
C:\Users\노호진\AppData\Local\Temp\ccHfyQ8P.s:26     .text.MX_GPIO_Init:00000000 MX_GPIO_Init
C:\Users\노호진\AppData\Local\Temp\ccHfyQ8P.s:147    .text.MX_GPIO_Init:00000088 $d

UNDEFINED SYMBOLS
HAL_GPIO_WritePin
HAL_GPIO_Init
