ARM GAS  C:\Users\노호진\AppData\Local\Temp\ccVxHQ9W.s 			page 1


   1              		.cpu cortex-m4
   2              		.arch armv7e-m
   3              		.fpu fpv4-sp-d16
   4              		.eabi_attribute 27, 1
   5              		.eabi_attribute 28, 1
   6              		.eabi_attribute 20, 1
   7              		.eabi_attribute 21, 1
   8              		.eabi_attribute 23, 3
   9              		.eabi_attribute 24, 1
  10              		.eabi_attribute 25, 1
  11              		.eabi_attribute 26, 1
  12              		.eabi_attribute 30, 1
  13              		.eabi_attribute 34, 1
  14              		.eabi_attribute 18, 4
  15              		.file	"main.c"
  16              		.text
  17              	.Ltext0:
  18              		.cfi_sections	.debug_frame
  19              		.section	.text.SCIx_RxChar,"ax",%progbits
  20              		.align	1
  21              		.global	SCIx_RxChar
  22              		.syntax unified
  23              		.thumb
  24              		.thumb_func
  26              	SCIx_RxChar:
  27              	.LFB130:
  28              		.file 1 "Core/Src/main.c"
   1:Core/Src/main.c **** /* USER CODE BEGIN Header */
   2:Core/Src/main.c **** /**
   3:Core/Src/main.c ****   ******************************************************************************
   4:Core/Src/main.c ****   * @file           : main.c
   5:Core/Src/main.c ****   * @brief          : Main program body
   6:Core/Src/main.c ****   ******************************************************************************
   7:Core/Src/main.c ****   * @attention
   8:Core/Src/main.c ****   *
   9:Core/Src/main.c ****   * Copyright (c) 2022 STMicroelectronics.
  10:Core/Src/main.c ****   * All rights reserved.
  11:Core/Src/main.c ****   *
  12:Core/Src/main.c ****   * This software is licensed under terms that can be found in the LICENSE file
  13:Core/Src/main.c ****   * in the root directory of this software component.
  14:Core/Src/main.c ****   * If no LICENSE file comes with this software, it is provided AS-IS.
  15:Core/Src/main.c ****   *
  16:Core/Src/main.c ****   ******************************************************************************
  17:Core/Src/main.c ****   */
  18:Core/Src/main.c **** /* USER CODE END Header */
  19:Core/Src/main.c **** /* Includes ------------------------------------------------------------------*/
  20:Core/Src/main.c **** #include "main.h"
  21:Core/Src/main.c **** #include "tim.h"
  22:Core/Src/main.c **** #include "usart.h"
  23:Core/Src/main.c **** #include "gpio.h"
  24:Core/Src/main.c **** 
  25:Core/Src/main.c **** /* Private includes ----------------------------------------------------------*/
  26:Core/Src/main.c **** /* USER CODE BEGIN Includes */
  27:Core/Src/main.c **** #include <stdarg.h>
  28:Core/Src/main.c **** /* USER CODE END Includes */
  29:Core/Src/main.c **** 
  30:Core/Src/main.c **** /* Private typedef -----------------------------------------------------------*/
ARM GAS  C:\Users\노호진\AppData\Local\Temp\ccVxHQ9W.s 			page 2


  31:Core/Src/main.c **** /* USER CODE BEGIN PTD */
  32:Core/Src/main.c **** 
  33:Core/Src/main.c **** /* USER CODE END PTD */
  34:Core/Src/main.c **** 
  35:Core/Src/main.c **** /* Private define ------------------------------------------------------------*/
  36:Core/Src/main.c **** /* USER CODE BEGIN PD */
  37:Core/Src/main.c **** /* USER CODE END PD */
  38:Core/Src/main.c **** 
  39:Core/Src/main.c **** /* Private macro -------------------------------------------------------------*/
  40:Core/Src/main.c **** /* USER CODE BEGIN PM */
  41:Core/Src/main.c **** 
  42:Core/Src/main.c **** /* USER CODE END PM */
  43:Core/Src/main.c **** 
  44:Core/Src/main.c **** /* Private variables ---------------------------------------------------------*/
  45:Core/Src/main.c **** 
  46:Core/Src/main.c **** /* USER CODE BEGIN PV */
  47:Core/Src/main.c **** 
  48:Core/Src/main.c **** /* USER CODE END PV */
  49:Core/Src/main.c **** 
  50:Core/Src/main.c **** /* Private function prototypes -----------------------------------------------*/
  51:Core/Src/main.c **** void SystemClock_Config(void);
  52:Core/Src/main.c **** /* USER CODE BEGIN PFP */
  53:Core/Src/main.c **** 
  54:Core/Src/main.c **** /* USER CODE END PFP */
  55:Core/Src/main.c **** 
  56:Core/Src/main.c **** /* Private user code ---------------------------------------------------------*/
  57:Core/Src/main.c **** /* USER CODE BEGIN 0 */
  58:Core/Src/main.c **** char SCIx_RxChar(void)
  59:Core/Src/main.c **** {
  29              		.loc 1 59 1 view -0
  30              		.cfi_startproc
  31              		@ args = 0, pretend = 0, frame = 0
  32              		@ frame_needed = 0, uses_anonymous_args = 0
  33              		@ link register save eliminated.
  34              	.L2:
  60:Core/Src/main.c **** 	volatile UART_HandleTypeDef *USARTx = &huart1;
  61:Core/Src/main.c **** 
  62:Core/Src/main.c ****     while((USARTx->Instance->SR & UART_FLAG_RXNE) == RESET);   //wait for Rx Not Empty flag
  35              		.loc 1 62 60 discriminator 1 view .LVU1
  36              		.loc 1 62 10 discriminator 1 view .LVU2
  37              		.loc 1 62 18 is_stmt 0 discriminator 1 view .LVU3
  38 0000 054B     		ldr	r3, .L3
  39 0002 1B68     		ldr	r3, [r3]
  40              		.loc 1 62 28 discriminator 1 view .LVU4
  41 0004 1B68     		ldr	r3, [r3]
  42              		.loc 1 62 10 discriminator 1 view .LVU5
  43 0006 13F0200F 		tst	r3, #32
  44 000a F9D0     		beq	.L2
  63:Core/Src/main.c ****     return (uint16_t)(USARTx->Instance->DR & (uint16_t)0x01FF); //read from DR register
  45              		.loc 1 63 5 is_stmt 1 view .LVU6
  46              		.loc 1 63 29 is_stmt 0 view .LVU7
  47 000c 024B     		ldr	r3, .L3
  48 000e 1B68     		ldr	r3, [r3]
  49              		.loc 1 63 39 view .LVU8
  50 0010 5868     		ldr	r0, [r3, #4]
  64:Core/Src/main.c **** }
  51              		.loc 1 64 1 view .LVU9
ARM GAS  C:\Users\노호진\AppData\Local\Temp\ccVxHQ9W.s 			page 3


  52 0012 C0B2     		uxtb	r0, r0
  53 0014 7047     		bx	lr
  54              	.L4:
  55 0016 00BF     		.align	2
  56              	.L3:
  57 0018 00000000 		.word	huart1
  58              		.cfi_endproc
  59              	.LFE130:
  61              		.section	.text.SCIx_TxChar,"ax",%progbits
  62              		.align	1
  63              		.global	SCIx_TxChar
  64              		.syntax unified
  65              		.thumb
  66              		.thumb_func
  68              	SCIx_TxChar:
  69              	.LVL0:
  70              	.LFB131:
  65:Core/Src/main.c **** 
  66:Core/Src/main.c **** 
  67:Core/Src/main.c **** void SCIx_TxChar(char Data)
  68:Core/Src/main.c **** {
  71              		.loc 1 68 1 is_stmt 1 view -0
  72              		.cfi_startproc
  73              		@ args = 0, pretend = 0, frame = 0
  74              		@ frame_needed = 0, uses_anonymous_args = 0
  75              		@ link register save eliminated.
  69:Core/Src/main.c **** 	volatile UART_HandleTypeDef *USARTx = &huart1;
  76              		.loc 1 69 2 view .LVU11
  70:Core/Src/main.c **** 
  71:Core/Src/main.c ****     USARTx->Instance->DR = (Data & (uint16_t)0x01FF);         //write to DR register
  77              		.loc 1 71 5 view .LVU12
  78              		.loc 1 71 11 is_stmt 0 view .LVU13
  79 0000 044B     		ldr	r3, .L7
  80 0002 1B68     		ldr	r3, [r3]
  81              		.loc 1 71 26 view .LVU14
  82 0004 5860     		str	r0, [r3, #4]
  72:Core/Src/main.c ****     while((USARTx->Instance->SR & UART_FLAG_TXE) == RESET);  //wait for Tx Empty flag
  83              		.loc 1 72 5 is_stmt 1 view .LVU15
  84              	.L6:
  85              		.loc 1 72 59 discriminator 1 view .LVU16
  86              		.loc 1 72 10 discriminator 1 view .LVU17
  87              		.loc 1 72 18 is_stmt 0 discriminator 1 view .LVU18
  88 0006 034B     		ldr	r3, .L7
  89 0008 1B68     		ldr	r3, [r3]
  90              		.loc 1 72 28 discriminator 1 view .LVU19
  91 000a 1B68     		ldr	r3, [r3]
  92              		.loc 1 72 10 discriminator 1 view .LVU20
  93 000c 13F0800F 		tst	r3, #128
  94 0010 F9D0     		beq	.L6
  73:Core/Src/main.c **** }
  95              		.loc 1 73 1 view .LVU21
  96 0012 7047     		bx	lr
  97              	.L8:
  98              		.align	2
  99              	.L7:
 100 0014 00000000 		.word	huart1
 101              		.cfi_endproc
ARM GAS  C:\Users\노호진\AppData\Local\Temp\ccVxHQ9W.s 			page 4


 102              	.LFE131:
 104              		.section	.text.SCIx_TxString,"ax",%progbits
 105              		.align	1
 106              		.global	SCIx_TxString
 107              		.syntax unified
 108              		.thumb
 109              		.thumb_func
 111              	SCIx_TxString:
 112              	.LVL1:
 113              	.LFB132:
  74:Core/Src/main.c **** 
  75:Core/Src/main.c **** 
  76:Core/Src/main.c **** void SCIx_TxString(char *Str)
  77:Core/Src/main.c **** {
 114              		.loc 1 77 1 is_stmt 1 view -0
 115              		.cfi_startproc
 116              		@ args = 0, pretend = 0, frame = 0
 117              		@ frame_needed = 0, uses_anonymous_args = 0
 118              		.loc 1 77 1 is_stmt 0 view .LVU23
 119 0000 10B5     		push	{r4, lr}
 120              	.LCFI0:
 121              		.cfi_def_cfa_offset 8
 122              		.cfi_offset 4, -8
 123              		.cfi_offset 14, -4
 124 0002 0446     		mov	r4, r0
  78:Core/Src/main.c ****     while(*Str)
 125              		.loc 1 78 5 is_stmt 1 view .LVU24
 126              		.loc 1 78 10 is_stmt 0 view .LVU25
 127 0004 03E0     		b	.L10
 128              	.LVL2:
 129              	.L11:
  79:Core/Src/main.c ****     {
  80:Core/Src/main.c ****         if(*Str == '\n'){
  81:Core/Src/main.c ****             SCIx_TxChar('\r');
  82:Core/Src/main.c ****         }
  83:Core/Src/main.c **** 
  84:Core/Src/main.c ****         SCIx_TxChar( *Str++ );
 130              		.loc 1 84 9 is_stmt 1 view .LVU26
 131              		.loc 1 84 9 is_stmt 0 view .LVU27
 132 0006 14F8010B 		ldrb	r0, [r4], #1	@ zero_extendqisi2
 133              	.LVL3:
 134              		.loc 1 84 9 view .LVU28
 135 000a FFF7FEFF 		bl	SCIx_TxChar
 136              	.LVL4:
 137              	.L10:
  78:Core/Src/main.c ****     while(*Str)
 138              		.loc 1 78 10 is_stmt 1 view .LVU29
  78:Core/Src/main.c ****     while(*Str)
 139              		.loc 1 78 11 is_stmt 0 view .LVU30
 140 000e 2378     		ldrb	r3, [r4]	@ zero_extendqisi2
  78:Core/Src/main.c ****     while(*Str)
 141              		.loc 1 78 10 view .LVU31
 142 0010 2BB1     		cbz	r3, .L14
  80:Core/Src/main.c ****             SCIx_TxChar('\r');
 143              		.loc 1 80 9 is_stmt 1 view .LVU32
  80:Core/Src/main.c ****             SCIx_TxChar('\r');
 144              		.loc 1 80 11 is_stmt 0 view .LVU33
ARM GAS  C:\Users\노호진\AppData\Local\Temp\ccVxHQ9W.s 			page 5


 145 0012 0A2B     		cmp	r3, #10
 146 0014 F7D1     		bne	.L11
  81:Core/Src/main.c ****         }
 147              		.loc 1 81 13 is_stmt 1 view .LVU34
 148 0016 0D20     		movs	r0, #13
 149 0018 FFF7FEFF 		bl	SCIx_TxChar
 150              	.LVL5:
 151 001c F3E7     		b	.L11
 152              	.L14:
  85:Core/Src/main.c ****     }
  86:Core/Src/main.c **** }
 153              		.loc 1 86 1 is_stmt 0 view .LVU35
 154 001e 10BD     		pop	{r4, pc}
 155              		.loc 1 86 1 view .LVU36
 156              		.cfi_endproc
 157              	.LFE132:
 159              		.section	.text.TxPrintf,"ax",%progbits
 160              		.align	1
 161              		.global	TxPrintf
 162              		.syntax unified
 163              		.thumb
 164              		.thumb_func
 166              	TxPrintf:
 167              	.LVL6:
 168              	.LFB133:
  87:Core/Src/main.c **** 
  88:Core/Src/main.c **** void TxPrintf(char *Form, ... )
  89:Core/Src/main.c **** {
 169              		.loc 1 89 1 is_stmt 1 view -0
 170              		.cfi_startproc
 171              		@ args = 4, pretend = 16, frame = 8
 172              		@ frame_needed = 0, uses_anonymous_args = 1
 173              		.loc 1 89 1 is_stmt 0 view .LVU38
 174 0000 0FB4     		push	{r0, r1, r2, r3}
 175              	.LCFI1:
 176              		.cfi_def_cfa_offset 16
 177              		.cfi_offset 0, -16
 178              		.cfi_offset 1, -12
 179              		.cfi_offset 2, -8
 180              		.cfi_offset 3, -4
 181 0002 10B5     		push	{r4, lr}
 182              	.LCFI2:
 183              		.cfi_def_cfa_offset 24
 184              		.cfi_offset 4, -24
 185              		.cfi_offset 14, -20
 186 0004 82B0     		sub	sp, sp, #8
 187              	.LCFI3:
 188              		.cfi_def_cfa_offset 32
 189 0006 04AA     		add	r2, sp, #16
 190 0008 52F8041B 		ldr	r1, [r2], #4
  90:Core/Src/main.c **** 	static char Buff[128];
 191              		.loc 1 90 2 is_stmt 1 view .LVU39
  91:Core/Src/main.c **** 	va_list ArgPtr;
 192              		.loc 1 91 2 view .LVU40
  92:Core/Src/main.c **** 	va_start(ArgPtr,Form);
 193              		.loc 1 92 2 view .LVU41
 194 000c 0192     		str	r2, [sp, #4]
ARM GAS  C:\Users\노호진\AppData\Local\Temp\ccVxHQ9W.s 			page 6


  93:Core/Src/main.c **** 	vsprintf(Buff, Form, ArgPtr);
 195              		.loc 1 93 2 view .LVU42
 196 000e 064C     		ldr	r4, .L17
 197 0010 2046     		mov	r0, r4
 198 0012 FFF7FEFF 		bl	vsprintf
 199              	.LVL7:
  94:Core/Src/main.c ****     va_end(ArgPtr);
 200              		.loc 1 94 5 view .LVU43
  95:Core/Src/main.c ****     SCIx_TxString(Buff);
 201              		.loc 1 95 5 view .LVU44
 202 0016 2046     		mov	r0, r4
 203 0018 FFF7FEFF 		bl	SCIx_TxString
 204              	.LVL8:
  96:Core/Src/main.c **** }
 205              		.loc 1 96 1 is_stmt 0 view .LVU45
 206 001c 02B0     		add	sp, sp, #8
 207              	.LCFI4:
 208              		.cfi_def_cfa_offset 24
 209              		@ sp needed
 210 001e BDE81040 		pop	{r4, lr}
 211              	.LCFI5:
 212              		.cfi_restore 14
 213              		.cfi_restore 4
 214              		.cfi_def_cfa_offset 16
 215 0022 04B0     		add	sp, sp, #16
 216              	.LCFI6:
 217              		.cfi_restore 3
 218              		.cfi_restore 2
 219              		.cfi_restore 1
 220              		.cfi_restore 0
 221              		.cfi_def_cfa_offset 0
 222 0024 7047     		bx	lr
 223              	.L18:
 224 0026 00BF     		.align	2
 225              	.L17:
 226 0028 00000000 		.word	.LANCHOR0
 227              		.cfi_endproc
 228              	.LFE133:
 230              		.section	.text.Error_Handler,"ax",%progbits
 231              		.align	1
 232              		.global	Error_Handler
 233              		.syntax unified
 234              		.thumb
 235              		.thumb_func
 237              	Error_Handler:
 238              	.LFB136:
  97:Core/Src/main.c **** /* USER CODE END 0 */
  98:Core/Src/main.c **** 
  99:Core/Src/main.c **** /**
 100:Core/Src/main.c ****   * @brief  The application entry point.
 101:Core/Src/main.c ****   * @retval int
 102:Core/Src/main.c ****   */
 103:Core/Src/main.c **** int main(void)
 104:Core/Src/main.c **** {
 105:Core/Src/main.c ****   /* USER CODE BEGIN 1 */
 106:Core/Src/main.c **** 
 107:Core/Src/main.c ****   /* USER CODE END 1 */
ARM GAS  C:\Users\노호진\AppData\Local\Temp\ccVxHQ9W.s 			page 7


 108:Core/Src/main.c **** 
 109:Core/Src/main.c ****   /* MCU Configuration--------------------------------------------------------*/
 110:Core/Src/main.c **** 
 111:Core/Src/main.c ****   /* Reset of all peripherals, Initializes the Flash interface and the Systick. */
 112:Core/Src/main.c ****   HAL_Init();
 113:Core/Src/main.c **** 
 114:Core/Src/main.c ****   /* USER CODE BEGIN Init */
 115:Core/Src/main.c **** 
 116:Core/Src/main.c ****   /* USER CODE END Init */
 117:Core/Src/main.c **** 
 118:Core/Src/main.c ****   /* Configure the system clock */
 119:Core/Src/main.c ****   SystemClock_Config();
 120:Core/Src/main.c **** 
 121:Core/Src/main.c ****   /* USER CODE BEGIN SysInit */
 122:Core/Src/main.c **** 
 123:Core/Src/main.c ****   /* USER CODE END SysInit */
 124:Core/Src/main.c **** 
 125:Core/Src/main.c ****   /* Initialize all configured peripherals */
 126:Core/Src/main.c ****   MX_GPIO_Init();
 127:Core/Src/main.c ****   MX_TIM1_Init();
 128:Core/Src/main.c ****   MX_USART1_UART_Init();
 129:Core/Src/main.c ****   /* USER CODE BEGIN 2 */
 130:Core/Src/main.c **** 
 131:Core/Src/main.c **** 
 132:Core/Src/main.c ****   HAL_TIM_Base_Start_IT(&htim1);
 133:Core/Src/main.c **** 
 134:Core/Src/main.c ****   /* USER CODE END 2 */
 135:Core/Src/main.c **** 
 136:Core/Src/main.c ****   /* Infinite loop */
 137:Core/Src/main.c ****   /* USER CODE BEGIN WHILE */
 138:Core/Src/main.c **** 
 139:Core/Src/main.c **** 
 140:Core/Src/main.c ****   while (1)
 141:Core/Src/main.c ****   {
 142:Core/Src/main.c **** 
 143:Core/Src/main.c **** 	  //HAL_GPIO_TogglePin(PA12_LED_GPIO_Port, PA12_LED_Pin);
 144:Core/Src/main.c **** 	  //HAL_Delay(1000);
 145:Core/Src/main.c **** 	  //HAL_GPIO_TogglePin(PD7_LED_GPIO_Port, PD7_LED_Pin);
 146:Core/Src/main.c **** 	 TxPrintf("HELLO\n");
 147:Core/Src/main.c **** 	 HAL_Delay(1000);
 148:Core/Src/main.c **** 
 149:Core/Src/main.c ****     /* USER CODE END WHILE */
 150:Core/Src/main.c **** 
 151:Core/Src/main.c ****     /* USER CODE BEGIN 3 */
 152:Core/Src/main.c ****   }
 153:Core/Src/main.c ****   /* USER CODE END 3 */
 154:Core/Src/main.c **** }
 155:Core/Src/main.c **** 
 156:Core/Src/main.c **** /**
 157:Core/Src/main.c ****   * @brief System Clock Configuration
 158:Core/Src/main.c ****   * @retval None
 159:Core/Src/main.c ****   */
 160:Core/Src/main.c **** void SystemClock_Config(void)
 161:Core/Src/main.c **** {
 162:Core/Src/main.c ****   RCC_OscInitTypeDef RCC_OscInitStruct = {0};
 163:Core/Src/main.c ****   RCC_ClkInitTypeDef RCC_ClkInitStruct = {0};
 164:Core/Src/main.c **** 
ARM GAS  C:\Users\노호진\AppData\Local\Temp\ccVxHQ9W.s 			page 8


 165:Core/Src/main.c ****   /** Configure the main internal regulator output voltage
 166:Core/Src/main.c ****   */
 167:Core/Src/main.c ****   __HAL_RCC_PWR_CLK_ENABLE();
 168:Core/Src/main.c ****   __HAL_PWR_VOLTAGESCALING_CONFIG(PWR_REGULATOR_VOLTAGE_SCALE1);
 169:Core/Src/main.c ****   /** Initializes the RCC Oscillators according to the specified parameters
 170:Core/Src/main.c ****   * in the RCC_OscInitTypeDef structure.
 171:Core/Src/main.c ****   */
 172:Core/Src/main.c ****   RCC_OscInitStruct.OscillatorType = RCC_OSCILLATORTYPE_HSI;
 173:Core/Src/main.c ****   RCC_OscInitStruct.HSIState = RCC_HSI_ON;
 174:Core/Src/main.c ****   RCC_OscInitStruct.HSICalibrationValue = RCC_HSICALIBRATION_DEFAULT;
 175:Core/Src/main.c ****   RCC_OscInitStruct.PLL.PLLState = RCC_PLL_ON;
 176:Core/Src/main.c ****   RCC_OscInitStruct.PLL.PLLSource = RCC_PLLSOURCE_HSI;
 177:Core/Src/main.c ****   RCC_OscInitStruct.PLL.PLLM = 8;
 178:Core/Src/main.c ****   RCC_OscInitStruct.PLL.PLLN = 64;
 179:Core/Src/main.c ****   RCC_OscInitStruct.PLL.PLLP = RCC_PLLP_DIV2;
 180:Core/Src/main.c ****   RCC_OscInitStruct.PLL.PLLQ = 4;
 181:Core/Src/main.c ****   if (HAL_RCC_OscConfig(&RCC_OscInitStruct) != HAL_OK)
 182:Core/Src/main.c ****   {
 183:Core/Src/main.c ****     Error_Handler();
 184:Core/Src/main.c ****   }
 185:Core/Src/main.c ****   /** Initializes the CPU, AHB and APB buses clocks
 186:Core/Src/main.c ****   */
 187:Core/Src/main.c ****   RCC_ClkInitStruct.ClockType = RCC_CLOCKTYPE_HCLK|RCC_CLOCKTYPE_SYSCLK
 188:Core/Src/main.c ****                               |RCC_CLOCKTYPE_PCLK1|RCC_CLOCKTYPE_PCLK2;
 189:Core/Src/main.c ****   RCC_ClkInitStruct.SYSCLKSource = RCC_SYSCLKSOURCE_PLLCLK;
 190:Core/Src/main.c ****   RCC_ClkInitStruct.AHBCLKDivider = RCC_SYSCLK_DIV4;
 191:Core/Src/main.c ****   RCC_ClkInitStruct.APB1CLKDivider = RCC_HCLK_DIV4;
 192:Core/Src/main.c ****   RCC_ClkInitStruct.APB2CLKDivider = RCC_HCLK_DIV2;
 193:Core/Src/main.c **** 
 194:Core/Src/main.c ****   if (HAL_RCC_ClockConfig(&RCC_ClkInitStruct, FLASH_LATENCY_0) != HAL_OK)
 195:Core/Src/main.c ****   {
 196:Core/Src/main.c ****     Error_Handler();
 197:Core/Src/main.c ****   }
 198:Core/Src/main.c **** }
 199:Core/Src/main.c **** 
 200:Core/Src/main.c **** /* USER CODE BEGIN 4 */
 201:Core/Src/main.c **** 
 202:Core/Src/main.c **** /* USER CODE END 4 */
 203:Core/Src/main.c **** 
 204:Core/Src/main.c **** /**
 205:Core/Src/main.c ****   * @brief  This function is executed in case of error occurrence.
 206:Core/Src/main.c ****   * @retval None
 207:Core/Src/main.c ****   */
 208:Core/Src/main.c **** void Error_Handler(void)
 209:Core/Src/main.c **** {
 239              		.loc 1 209 1 is_stmt 1 view -0
 240              		.cfi_startproc
 241              		@ Volatile: function does not return.
 242              		@ args = 0, pretend = 0, frame = 0
 243              		@ frame_needed = 0, uses_anonymous_args = 0
 244              		@ link register save eliminated.
 210:Core/Src/main.c ****   /* USER CODE BEGIN Error_Handler_Debug */
 211:Core/Src/main.c ****   /* User can add his own implementation to report the HAL error return state */
 212:Core/Src/main.c ****   __disable_irq();
 245              		.loc 1 212 3 view .LVU47
 246              	.LBB4:
 247              	.LBI4:
ARM GAS  C:\Users\노호진\AppData\Local\Temp\ccVxHQ9W.s 			page 9


 248              		.file 2 "Drivers/CMSIS/Include/cmsis_gcc.h"
   1:Drivers/CMSIS/Include/cmsis_gcc.h **** /**************************************************************************//**
   2:Drivers/CMSIS/Include/cmsis_gcc.h ****  * @file     cmsis_gcc.h
   3:Drivers/CMSIS/Include/cmsis_gcc.h ****  * @brief    CMSIS compiler GCC header file
   4:Drivers/CMSIS/Include/cmsis_gcc.h ****  * @version  V5.0.4
   5:Drivers/CMSIS/Include/cmsis_gcc.h ****  * @date     09. April 2018
   6:Drivers/CMSIS/Include/cmsis_gcc.h ****  ******************************************************************************/
   7:Drivers/CMSIS/Include/cmsis_gcc.h **** /*
   8:Drivers/CMSIS/Include/cmsis_gcc.h ****  * Copyright (c) 2009-2018 Arm Limited. All rights reserved.
   9:Drivers/CMSIS/Include/cmsis_gcc.h ****  *
  10:Drivers/CMSIS/Include/cmsis_gcc.h ****  * SPDX-License-Identifier: Apache-2.0
  11:Drivers/CMSIS/Include/cmsis_gcc.h ****  *
  12:Drivers/CMSIS/Include/cmsis_gcc.h ****  * Licensed under the Apache License, Version 2.0 (the License); you may
  13:Drivers/CMSIS/Include/cmsis_gcc.h ****  * not use this file except in compliance with the License.
  14:Drivers/CMSIS/Include/cmsis_gcc.h ****  * You may obtain a copy of the License at
  15:Drivers/CMSIS/Include/cmsis_gcc.h ****  *
  16:Drivers/CMSIS/Include/cmsis_gcc.h ****  * www.apache.org/licenses/LICENSE-2.0
  17:Drivers/CMSIS/Include/cmsis_gcc.h ****  *
  18:Drivers/CMSIS/Include/cmsis_gcc.h ****  * Unless required by applicable law or agreed to in writing, software
  19:Drivers/CMSIS/Include/cmsis_gcc.h ****  * distributed under the License is distributed on an AS IS BASIS, WITHOUT
  20:Drivers/CMSIS/Include/cmsis_gcc.h ****  * WARRANTIES OR CONDITIONS OF ANY KIND, either express or implied.
  21:Drivers/CMSIS/Include/cmsis_gcc.h ****  * See the License for the specific language governing permissions and
  22:Drivers/CMSIS/Include/cmsis_gcc.h ****  * limitations under the License.
  23:Drivers/CMSIS/Include/cmsis_gcc.h ****  */
  24:Drivers/CMSIS/Include/cmsis_gcc.h **** 
  25:Drivers/CMSIS/Include/cmsis_gcc.h **** #ifndef __CMSIS_GCC_H
  26:Drivers/CMSIS/Include/cmsis_gcc.h **** #define __CMSIS_GCC_H
  27:Drivers/CMSIS/Include/cmsis_gcc.h **** 
  28:Drivers/CMSIS/Include/cmsis_gcc.h **** /* ignore some GCC warnings */
  29:Drivers/CMSIS/Include/cmsis_gcc.h **** #pragma GCC diagnostic push
  30:Drivers/CMSIS/Include/cmsis_gcc.h **** #pragma GCC diagnostic ignored "-Wsign-conversion"
  31:Drivers/CMSIS/Include/cmsis_gcc.h **** #pragma GCC diagnostic ignored "-Wconversion"
  32:Drivers/CMSIS/Include/cmsis_gcc.h **** #pragma GCC diagnostic ignored "-Wunused-parameter"
  33:Drivers/CMSIS/Include/cmsis_gcc.h **** 
  34:Drivers/CMSIS/Include/cmsis_gcc.h **** /* Fallback for __has_builtin */
  35:Drivers/CMSIS/Include/cmsis_gcc.h **** #ifndef __has_builtin
  36:Drivers/CMSIS/Include/cmsis_gcc.h ****   #define __has_builtin(x) (0)
  37:Drivers/CMSIS/Include/cmsis_gcc.h **** #endif
  38:Drivers/CMSIS/Include/cmsis_gcc.h **** 
  39:Drivers/CMSIS/Include/cmsis_gcc.h **** /* CMSIS compiler specific defines */
  40:Drivers/CMSIS/Include/cmsis_gcc.h **** #ifndef   __ASM
  41:Drivers/CMSIS/Include/cmsis_gcc.h ****   #define __ASM                                  __asm
  42:Drivers/CMSIS/Include/cmsis_gcc.h **** #endif
  43:Drivers/CMSIS/Include/cmsis_gcc.h **** #ifndef   __INLINE
  44:Drivers/CMSIS/Include/cmsis_gcc.h ****   #define __INLINE                               inline
  45:Drivers/CMSIS/Include/cmsis_gcc.h **** #endif
  46:Drivers/CMSIS/Include/cmsis_gcc.h **** #ifndef   __STATIC_INLINE
  47:Drivers/CMSIS/Include/cmsis_gcc.h ****   #define __STATIC_INLINE                        static inline
  48:Drivers/CMSIS/Include/cmsis_gcc.h **** #endif
  49:Drivers/CMSIS/Include/cmsis_gcc.h **** #ifndef   __STATIC_FORCEINLINE                 
  50:Drivers/CMSIS/Include/cmsis_gcc.h ****   #define __STATIC_FORCEINLINE                   __attribute__((always_inline)) static inline
  51:Drivers/CMSIS/Include/cmsis_gcc.h **** #endif                                           
  52:Drivers/CMSIS/Include/cmsis_gcc.h **** #ifndef   __NO_RETURN
  53:Drivers/CMSIS/Include/cmsis_gcc.h ****   #define __NO_RETURN                            __attribute__((__noreturn__))
  54:Drivers/CMSIS/Include/cmsis_gcc.h **** #endif
  55:Drivers/CMSIS/Include/cmsis_gcc.h **** #ifndef   __USED
  56:Drivers/CMSIS/Include/cmsis_gcc.h ****   #define __USED                                 __attribute__((used))
ARM GAS  C:\Users\노호진\AppData\Local\Temp\ccVxHQ9W.s 			page 10


  57:Drivers/CMSIS/Include/cmsis_gcc.h **** #endif
  58:Drivers/CMSIS/Include/cmsis_gcc.h **** #ifndef   __WEAK
  59:Drivers/CMSIS/Include/cmsis_gcc.h ****   #define __WEAK                                 __attribute__((weak))
  60:Drivers/CMSIS/Include/cmsis_gcc.h **** #endif
  61:Drivers/CMSIS/Include/cmsis_gcc.h **** #ifndef   __PACKED
  62:Drivers/CMSIS/Include/cmsis_gcc.h ****   #define __PACKED                               __attribute__((packed, aligned(1)))
  63:Drivers/CMSIS/Include/cmsis_gcc.h **** #endif
  64:Drivers/CMSIS/Include/cmsis_gcc.h **** #ifndef   __PACKED_STRUCT
  65:Drivers/CMSIS/Include/cmsis_gcc.h ****   #define __PACKED_STRUCT                        struct __attribute__((packed, aligned(1)))
  66:Drivers/CMSIS/Include/cmsis_gcc.h **** #endif
  67:Drivers/CMSIS/Include/cmsis_gcc.h **** #ifndef   __PACKED_UNION
  68:Drivers/CMSIS/Include/cmsis_gcc.h ****   #define __PACKED_UNION                         union __attribute__((packed, aligned(1)))
  69:Drivers/CMSIS/Include/cmsis_gcc.h **** #endif
  70:Drivers/CMSIS/Include/cmsis_gcc.h **** #ifndef   __UNALIGNED_UINT32        /* deprecated */
  71:Drivers/CMSIS/Include/cmsis_gcc.h ****   #pragma GCC diagnostic push
  72:Drivers/CMSIS/Include/cmsis_gcc.h ****   #pragma GCC diagnostic ignored "-Wpacked"
  73:Drivers/CMSIS/Include/cmsis_gcc.h ****   #pragma GCC diagnostic ignored "-Wattributes"
  74:Drivers/CMSIS/Include/cmsis_gcc.h ****   struct __attribute__((packed)) T_UINT32 { uint32_t v; };
  75:Drivers/CMSIS/Include/cmsis_gcc.h ****   #pragma GCC diagnostic pop
  76:Drivers/CMSIS/Include/cmsis_gcc.h ****   #define __UNALIGNED_UINT32(x)                  (((struct T_UINT32 *)(x))->v)
  77:Drivers/CMSIS/Include/cmsis_gcc.h **** #endif
  78:Drivers/CMSIS/Include/cmsis_gcc.h **** #ifndef   __UNALIGNED_UINT16_WRITE
  79:Drivers/CMSIS/Include/cmsis_gcc.h ****   #pragma GCC diagnostic push
  80:Drivers/CMSIS/Include/cmsis_gcc.h ****   #pragma GCC diagnostic ignored "-Wpacked"
  81:Drivers/CMSIS/Include/cmsis_gcc.h ****   #pragma GCC diagnostic ignored "-Wattributes"
  82:Drivers/CMSIS/Include/cmsis_gcc.h ****   __PACKED_STRUCT T_UINT16_WRITE { uint16_t v; };
  83:Drivers/CMSIS/Include/cmsis_gcc.h ****   #pragma GCC diagnostic pop
  84:Drivers/CMSIS/Include/cmsis_gcc.h ****   #define __UNALIGNED_UINT16_WRITE(addr, val)    (void)((((struct T_UINT16_WRITE *)(void *)(addr))-
  85:Drivers/CMSIS/Include/cmsis_gcc.h **** #endif
  86:Drivers/CMSIS/Include/cmsis_gcc.h **** #ifndef   __UNALIGNED_UINT16_READ
  87:Drivers/CMSIS/Include/cmsis_gcc.h ****   #pragma GCC diagnostic push
  88:Drivers/CMSIS/Include/cmsis_gcc.h ****   #pragma GCC diagnostic ignored "-Wpacked"
  89:Drivers/CMSIS/Include/cmsis_gcc.h ****   #pragma GCC diagnostic ignored "-Wattributes"
  90:Drivers/CMSIS/Include/cmsis_gcc.h ****   __PACKED_STRUCT T_UINT16_READ { uint16_t v; };
  91:Drivers/CMSIS/Include/cmsis_gcc.h ****   #pragma GCC diagnostic pop
  92:Drivers/CMSIS/Include/cmsis_gcc.h ****   #define __UNALIGNED_UINT16_READ(addr)          (((const struct T_UINT16_READ *)(const void *)(add
  93:Drivers/CMSIS/Include/cmsis_gcc.h **** #endif
  94:Drivers/CMSIS/Include/cmsis_gcc.h **** #ifndef   __UNALIGNED_UINT32_WRITE
  95:Drivers/CMSIS/Include/cmsis_gcc.h ****   #pragma GCC diagnostic push
  96:Drivers/CMSIS/Include/cmsis_gcc.h ****   #pragma GCC diagnostic ignored "-Wpacked"
  97:Drivers/CMSIS/Include/cmsis_gcc.h ****   #pragma GCC diagnostic ignored "-Wattributes"
  98:Drivers/CMSIS/Include/cmsis_gcc.h ****   __PACKED_STRUCT T_UINT32_WRITE { uint32_t v; };
  99:Drivers/CMSIS/Include/cmsis_gcc.h ****   #pragma GCC diagnostic pop
 100:Drivers/CMSIS/Include/cmsis_gcc.h ****   #define __UNALIGNED_UINT32_WRITE(addr, val)    (void)((((struct T_UINT32_WRITE *)(void *)(addr))-
 101:Drivers/CMSIS/Include/cmsis_gcc.h **** #endif
 102:Drivers/CMSIS/Include/cmsis_gcc.h **** #ifndef   __UNALIGNED_UINT32_READ
 103:Drivers/CMSIS/Include/cmsis_gcc.h ****   #pragma GCC diagnostic push
 104:Drivers/CMSIS/Include/cmsis_gcc.h ****   #pragma GCC diagnostic ignored "-Wpacked"
 105:Drivers/CMSIS/Include/cmsis_gcc.h ****   #pragma GCC diagnostic ignored "-Wattributes"
 106:Drivers/CMSIS/Include/cmsis_gcc.h ****   __PACKED_STRUCT T_UINT32_READ { uint32_t v; };
 107:Drivers/CMSIS/Include/cmsis_gcc.h ****   #pragma GCC diagnostic pop
 108:Drivers/CMSIS/Include/cmsis_gcc.h ****   #define __UNALIGNED_UINT32_READ(addr)          (((const struct T_UINT32_READ *)(const void *)(add
 109:Drivers/CMSIS/Include/cmsis_gcc.h **** #endif
 110:Drivers/CMSIS/Include/cmsis_gcc.h **** #ifndef   __ALIGNED
 111:Drivers/CMSIS/Include/cmsis_gcc.h ****   #define __ALIGNED(x)                           __attribute__((aligned(x)))
 112:Drivers/CMSIS/Include/cmsis_gcc.h **** #endif
 113:Drivers/CMSIS/Include/cmsis_gcc.h **** #ifndef   __RESTRICT
ARM GAS  C:\Users\노호진\AppData\Local\Temp\ccVxHQ9W.s 			page 11


 114:Drivers/CMSIS/Include/cmsis_gcc.h ****   #define __RESTRICT                             __restrict
 115:Drivers/CMSIS/Include/cmsis_gcc.h **** #endif
 116:Drivers/CMSIS/Include/cmsis_gcc.h **** 
 117:Drivers/CMSIS/Include/cmsis_gcc.h **** 
 118:Drivers/CMSIS/Include/cmsis_gcc.h **** /* ###########################  Core Function Access  ########################### */
 119:Drivers/CMSIS/Include/cmsis_gcc.h **** /** \ingroup  CMSIS_Core_FunctionInterface
 120:Drivers/CMSIS/Include/cmsis_gcc.h ****     \defgroup CMSIS_Core_RegAccFunctions CMSIS Core Register Access Functions
 121:Drivers/CMSIS/Include/cmsis_gcc.h ****   @{
 122:Drivers/CMSIS/Include/cmsis_gcc.h ****  */
 123:Drivers/CMSIS/Include/cmsis_gcc.h **** 
 124:Drivers/CMSIS/Include/cmsis_gcc.h **** /**
 125:Drivers/CMSIS/Include/cmsis_gcc.h ****   \brief   Enable IRQ Interrupts
 126:Drivers/CMSIS/Include/cmsis_gcc.h ****   \details Enables IRQ interrupts by clearing the I-bit in the CPSR.
 127:Drivers/CMSIS/Include/cmsis_gcc.h ****            Can only be executed in Privileged modes.
 128:Drivers/CMSIS/Include/cmsis_gcc.h ****  */
 129:Drivers/CMSIS/Include/cmsis_gcc.h **** __STATIC_FORCEINLINE void __enable_irq(void)
 130:Drivers/CMSIS/Include/cmsis_gcc.h **** {
 131:Drivers/CMSIS/Include/cmsis_gcc.h ****   __ASM volatile ("cpsie i" : : : "memory");
 132:Drivers/CMSIS/Include/cmsis_gcc.h **** }
 133:Drivers/CMSIS/Include/cmsis_gcc.h **** 
 134:Drivers/CMSIS/Include/cmsis_gcc.h **** 
 135:Drivers/CMSIS/Include/cmsis_gcc.h **** /**
 136:Drivers/CMSIS/Include/cmsis_gcc.h ****   \brief   Disable IRQ Interrupts
 137:Drivers/CMSIS/Include/cmsis_gcc.h ****   \details Disables IRQ interrupts by setting the I-bit in the CPSR.
 138:Drivers/CMSIS/Include/cmsis_gcc.h ****            Can only be executed in Privileged modes.
 139:Drivers/CMSIS/Include/cmsis_gcc.h ****  */
 140:Drivers/CMSIS/Include/cmsis_gcc.h **** __STATIC_FORCEINLINE void __disable_irq(void)
 249              		.loc 2 140 27 view .LVU48
 250              	.LBB5:
 141:Drivers/CMSIS/Include/cmsis_gcc.h **** {
 142:Drivers/CMSIS/Include/cmsis_gcc.h ****   __ASM volatile ("cpsid i" : : : "memory");
 251              		.loc 2 142 3 view .LVU49
 252              		.syntax unified
 253              	@ 142 "Drivers/CMSIS/Include/cmsis_gcc.h" 1
 254 0000 72B6     		cpsid i
 255              	@ 0 "" 2
 256              		.thumb
 257              		.syntax unified
 258              	.L20:
 259              	.LBE5:
 260              	.LBE4:
 213:Core/Src/main.c ****   while (1)
 261              		.loc 1 213 3 discriminator 1 view .LVU50
 214:Core/Src/main.c ****   {
 215:Core/Src/main.c ****   }
 262              		.loc 1 215 3 discriminator 1 view .LVU51
 213:Core/Src/main.c ****   while (1)
 263              		.loc 1 213 9 discriminator 1 view .LVU52
 264 0002 FEE7     		b	.L20
 265              		.cfi_endproc
 266              	.LFE136:
 268              		.section	.text.SystemClock_Config,"ax",%progbits
 269              		.align	1
 270              		.global	SystemClock_Config
 271              		.syntax unified
 272              		.thumb
 273              		.thumb_func
ARM GAS  C:\Users\노호진\AppData\Local\Temp\ccVxHQ9W.s 			page 12


 275              	SystemClock_Config:
 276              	.LFB135:
 161:Core/Src/main.c ****   RCC_OscInitTypeDef RCC_OscInitStruct = {0};
 277              		.loc 1 161 1 view -0
 278              		.cfi_startproc
 279              		@ args = 0, pretend = 0, frame = 80
 280              		@ frame_needed = 0, uses_anonymous_args = 0
 281 0000 00B5     		push	{lr}
 282              	.LCFI7:
 283              		.cfi_def_cfa_offset 4
 284              		.cfi_offset 14, -4
 285 0002 95B0     		sub	sp, sp, #84
 286              	.LCFI8:
 287              		.cfi_def_cfa_offset 88
 162:Core/Src/main.c ****   RCC_ClkInitTypeDef RCC_ClkInitStruct = {0};
 288              		.loc 1 162 3 view .LVU54
 162:Core/Src/main.c ****   RCC_ClkInitTypeDef RCC_ClkInitStruct = {0};
 289              		.loc 1 162 22 is_stmt 0 view .LVU55
 290 0004 3022     		movs	r2, #48
 291 0006 0021     		movs	r1, #0
 292 0008 08A8     		add	r0, sp, #32
 293 000a FFF7FEFF 		bl	memset
 294              	.LVL9:
 163:Core/Src/main.c **** 
 295              		.loc 1 163 3 is_stmt 1 view .LVU56
 163:Core/Src/main.c **** 
 296              		.loc 1 163 22 is_stmt 0 view .LVU57
 297 000e 0023     		movs	r3, #0
 298 0010 0393     		str	r3, [sp, #12]
 299 0012 0493     		str	r3, [sp, #16]
 300 0014 0593     		str	r3, [sp, #20]
 301 0016 0693     		str	r3, [sp, #24]
 302 0018 0793     		str	r3, [sp, #28]
 167:Core/Src/main.c ****   __HAL_PWR_VOLTAGESCALING_CONFIG(PWR_REGULATOR_VOLTAGE_SCALE1);
 303              		.loc 1 167 3 is_stmt 1 view .LVU58
 304              	.LBB6:
 167:Core/Src/main.c ****   __HAL_PWR_VOLTAGESCALING_CONFIG(PWR_REGULATOR_VOLTAGE_SCALE1);
 305              		.loc 1 167 3 view .LVU59
 306 001a 0193     		str	r3, [sp, #4]
 167:Core/Src/main.c ****   __HAL_PWR_VOLTAGESCALING_CONFIG(PWR_REGULATOR_VOLTAGE_SCALE1);
 307              		.loc 1 167 3 view .LVU60
 308 001c 1F4A     		ldr	r2, .L27
 309 001e 116C     		ldr	r1, [r2, #64]
 310 0020 41F08051 		orr	r1, r1, #268435456
 311 0024 1164     		str	r1, [r2, #64]
 167:Core/Src/main.c ****   __HAL_PWR_VOLTAGESCALING_CONFIG(PWR_REGULATOR_VOLTAGE_SCALE1);
 312              		.loc 1 167 3 view .LVU61
 313 0026 126C     		ldr	r2, [r2, #64]
 314 0028 02F08052 		and	r2, r2, #268435456
 315 002c 0192     		str	r2, [sp, #4]
 167:Core/Src/main.c ****   __HAL_PWR_VOLTAGESCALING_CONFIG(PWR_REGULATOR_VOLTAGE_SCALE1);
 316              		.loc 1 167 3 view .LVU62
 317 002e 019A     		ldr	r2, [sp, #4]
 318              	.LBE6:
 167:Core/Src/main.c ****   __HAL_PWR_VOLTAGESCALING_CONFIG(PWR_REGULATOR_VOLTAGE_SCALE1);
 319              		.loc 1 167 3 view .LVU63
 168:Core/Src/main.c ****   /** Initializes the RCC Oscillators according to the specified parameters
ARM GAS  C:\Users\노호진\AppData\Local\Temp\ccVxHQ9W.s 			page 13


 320              		.loc 1 168 3 view .LVU64
 321              	.LBB7:
 168:Core/Src/main.c ****   /** Initializes the RCC Oscillators according to the specified parameters
 322              		.loc 1 168 3 view .LVU65
 323 0030 0293     		str	r3, [sp, #8]
 168:Core/Src/main.c ****   /** Initializes the RCC Oscillators according to the specified parameters
 324              		.loc 1 168 3 view .LVU66
 325 0032 1B4A     		ldr	r2, .L27+4
 326 0034 1168     		ldr	r1, [r2]
 327 0036 41F48041 		orr	r1, r1, #16384
 328 003a 1160     		str	r1, [r2]
 168:Core/Src/main.c ****   /** Initializes the RCC Oscillators according to the specified parameters
 329              		.loc 1 168 3 view .LVU67
 330 003c 1268     		ldr	r2, [r2]
 331 003e 02F48042 		and	r2, r2, #16384
 332 0042 0292     		str	r2, [sp, #8]
 168:Core/Src/main.c ****   /** Initializes the RCC Oscillators according to the specified parameters
 333              		.loc 1 168 3 view .LVU68
 334 0044 029A     		ldr	r2, [sp, #8]
 335              	.LBE7:
 168:Core/Src/main.c ****   /** Initializes the RCC Oscillators according to the specified parameters
 336              		.loc 1 168 3 view .LVU69
 172:Core/Src/main.c ****   RCC_OscInitStruct.HSIState = RCC_HSI_ON;
 337              		.loc 1 172 3 view .LVU70
 172:Core/Src/main.c ****   RCC_OscInitStruct.HSIState = RCC_HSI_ON;
 338              		.loc 1 172 36 is_stmt 0 view .LVU71
 339 0046 0222     		movs	r2, #2
 340 0048 0892     		str	r2, [sp, #32]
 173:Core/Src/main.c ****   RCC_OscInitStruct.HSICalibrationValue = RCC_HSICALIBRATION_DEFAULT;
 341              		.loc 1 173 3 is_stmt 1 view .LVU72
 173:Core/Src/main.c ****   RCC_OscInitStruct.HSICalibrationValue = RCC_HSICALIBRATION_DEFAULT;
 342              		.loc 1 173 30 is_stmt 0 view .LVU73
 343 004a 0121     		movs	r1, #1
 344 004c 0B91     		str	r1, [sp, #44]
 174:Core/Src/main.c ****   RCC_OscInitStruct.PLL.PLLState = RCC_PLL_ON;
 345              		.loc 1 174 3 is_stmt 1 view .LVU74
 174:Core/Src/main.c ****   RCC_OscInitStruct.PLL.PLLState = RCC_PLL_ON;
 346              		.loc 1 174 41 is_stmt 0 view .LVU75
 347 004e 1021     		movs	r1, #16
 348 0050 0C91     		str	r1, [sp, #48]
 175:Core/Src/main.c ****   RCC_OscInitStruct.PLL.PLLSource = RCC_PLLSOURCE_HSI;
 349              		.loc 1 175 3 is_stmt 1 view .LVU76
 175:Core/Src/main.c ****   RCC_OscInitStruct.PLL.PLLSource = RCC_PLLSOURCE_HSI;
 350              		.loc 1 175 34 is_stmt 0 view .LVU77
 351 0052 0E92     		str	r2, [sp, #56]
 176:Core/Src/main.c ****   RCC_OscInitStruct.PLL.PLLM = 8;
 352              		.loc 1 176 3 is_stmt 1 view .LVU78
 176:Core/Src/main.c ****   RCC_OscInitStruct.PLL.PLLM = 8;
 353              		.loc 1 176 35 is_stmt 0 view .LVU79
 354 0054 0F93     		str	r3, [sp, #60]
 177:Core/Src/main.c ****   RCC_OscInitStruct.PLL.PLLN = 64;
 355              		.loc 1 177 3 is_stmt 1 view .LVU80
 177:Core/Src/main.c ****   RCC_OscInitStruct.PLL.PLLN = 64;
 356              		.loc 1 177 30 is_stmt 0 view .LVU81
 357 0056 0823     		movs	r3, #8
 358 0058 1093     		str	r3, [sp, #64]
 178:Core/Src/main.c ****   RCC_OscInitStruct.PLL.PLLP = RCC_PLLP_DIV2;
ARM GAS  C:\Users\노호진\AppData\Local\Temp\ccVxHQ9W.s 			page 14


 359              		.loc 1 178 3 is_stmt 1 view .LVU82
 178:Core/Src/main.c ****   RCC_OscInitStruct.PLL.PLLP = RCC_PLLP_DIV2;
 360              		.loc 1 178 30 is_stmt 0 view .LVU83
 361 005a 4023     		movs	r3, #64
 362 005c 1193     		str	r3, [sp, #68]
 179:Core/Src/main.c ****   RCC_OscInitStruct.PLL.PLLQ = 4;
 363              		.loc 1 179 3 is_stmt 1 view .LVU84
 179:Core/Src/main.c ****   RCC_OscInitStruct.PLL.PLLQ = 4;
 364              		.loc 1 179 30 is_stmt 0 view .LVU85
 365 005e 1292     		str	r2, [sp, #72]
 180:Core/Src/main.c ****   if (HAL_RCC_OscConfig(&RCC_OscInitStruct) != HAL_OK)
 366              		.loc 1 180 3 is_stmt 1 view .LVU86
 180:Core/Src/main.c ****   if (HAL_RCC_OscConfig(&RCC_OscInitStruct) != HAL_OK)
 367              		.loc 1 180 30 is_stmt 0 view .LVU87
 368 0060 0423     		movs	r3, #4
 369 0062 1393     		str	r3, [sp, #76]
 181:Core/Src/main.c ****   {
 370              		.loc 1 181 3 is_stmt 1 view .LVU88
 181:Core/Src/main.c ****   {
 371              		.loc 1 181 7 is_stmt 0 view .LVU89
 372 0064 08A8     		add	r0, sp, #32
 373 0066 FFF7FEFF 		bl	HAL_RCC_OscConfig
 374              	.LVL10:
 181:Core/Src/main.c ****   {
 375              		.loc 1 181 6 view .LVU90
 376 006a 98B9     		cbnz	r0, .L25
 187:Core/Src/main.c ****                               |RCC_CLOCKTYPE_PCLK1|RCC_CLOCKTYPE_PCLK2;
 377              		.loc 1 187 3 is_stmt 1 view .LVU91
 187:Core/Src/main.c ****                               |RCC_CLOCKTYPE_PCLK1|RCC_CLOCKTYPE_PCLK2;
 378              		.loc 1 187 31 is_stmt 0 view .LVU92
 379 006c 0F23     		movs	r3, #15
 380 006e 0393     		str	r3, [sp, #12]
 189:Core/Src/main.c ****   RCC_ClkInitStruct.AHBCLKDivider = RCC_SYSCLK_DIV4;
 381              		.loc 1 189 3 is_stmt 1 view .LVU93
 189:Core/Src/main.c ****   RCC_ClkInitStruct.AHBCLKDivider = RCC_SYSCLK_DIV4;
 382              		.loc 1 189 34 is_stmt 0 view .LVU94
 383 0070 0223     		movs	r3, #2
 384 0072 0493     		str	r3, [sp, #16]
 190:Core/Src/main.c ****   RCC_ClkInitStruct.APB1CLKDivider = RCC_HCLK_DIV4;
 385              		.loc 1 190 3 is_stmt 1 view .LVU95
 190:Core/Src/main.c ****   RCC_ClkInitStruct.APB1CLKDivider = RCC_HCLK_DIV4;
 386              		.loc 1 190 35 is_stmt 0 view .LVU96
 387 0074 9023     		movs	r3, #144
 388 0076 0593     		str	r3, [sp, #20]
 191:Core/Src/main.c ****   RCC_ClkInitStruct.APB2CLKDivider = RCC_HCLK_DIV2;
 389              		.loc 1 191 3 is_stmt 1 view .LVU97
 191:Core/Src/main.c ****   RCC_ClkInitStruct.APB2CLKDivider = RCC_HCLK_DIV2;
 390              		.loc 1 191 36 is_stmt 0 view .LVU98
 391 0078 4FF4A053 		mov	r3, #5120
 392 007c 0693     		str	r3, [sp, #24]
 192:Core/Src/main.c **** 
 393              		.loc 1 192 3 is_stmt 1 view .LVU99
 192:Core/Src/main.c **** 
 394              		.loc 1 192 36 is_stmt 0 view .LVU100
 395 007e 4FF48053 		mov	r3, #4096
 396 0082 0793     		str	r3, [sp, #28]
 194:Core/Src/main.c ****   {
ARM GAS  C:\Users\노호진\AppData\Local\Temp\ccVxHQ9W.s 			page 15


 397              		.loc 1 194 3 is_stmt 1 view .LVU101
 194:Core/Src/main.c ****   {
 398              		.loc 1 194 7 is_stmt 0 view .LVU102
 399 0084 0021     		movs	r1, #0
 400 0086 03A8     		add	r0, sp, #12
 401 0088 FFF7FEFF 		bl	HAL_RCC_ClockConfig
 402              	.LVL11:
 194:Core/Src/main.c ****   {
 403              		.loc 1 194 6 view .LVU103
 404 008c 20B9     		cbnz	r0, .L26
 198:Core/Src/main.c **** 
 405              		.loc 1 198 1 view .LVU104
 406 008e 15B0     		add	sp, sp, #84
 407              	.LCFI9:
 408              		.cfi_remember_state
 409              		.cfi_def_cfa_offset 4
 410              		@ sp needed
 411 0090 5DF804FB 		ldr	pc, [sp], #4
 412              	.L25:
 413              	.LCFI10:
 414              		.cfi_restore_state
 183:Core/Src/main.c ****   }
 415              		.loc 1 183 5 is_stmt 1 view .LVU105
 416 0094 FFF7FEFF 		bl	Error_Handler
 417              	.LVL12:
 418              	.L26:
 196:Core/Src/main.c ****   }
 419              		.loc 1 196 5 view .LVU106
 420 0098 FFF7FEFF 		bl	Error_Handler
 421              	.LVL13:
 422              	.L28:
 423              		.align	2
 424              	.L27:
 425 009c 00380240 		.word	1073887232
 426 00a0 00700040 		.word	1073770496
 427              		.cfi_endproc
 428              	.LFE135:
 430              		.section	.rodata.main.str1.4,"aMS",%progbits,1
 431              		.align	2
 432              	.LC0:
 433 0000 48454C4C 		.ascii	"HELLO\012\000"
 433      4F0A00
 434              		.section	.text.main,"ax",%progbits
 435              		.align	1
 436              		.global	main
 437              		.syntax unified
 438              		.thumb
 439              		.thumb_func
 441              	main:
 442              	.LFB134:
 104:Core/Src/main.c ****   /* USER CODE BEGIN 1 */
 443              		.loc 1 104 1 view -0
 444              		.cfi_startproc
 445              		@ Volatile: function does not return.
 446              		@ args = 0, pretend = 0, frame = 0
 447              		@ frame_needed = 0, uses_anonymous_args = 0
 448 0000 08B5     		push	{r3, lr}
ARM GAS  C:\Users\노호진\AppData\Local\Temp\ccVxHQ9W.s 			page 16


 449              	.LCFI11:
 450              		.cfi_def_cfa_offset 8
 451              		.cfi_offset 3, -8
 452              		.cfi_offset 14, -4
 112:Core/Src/main.c **** 
 453              		.loc 1 112 3 view .LVU108
 454 0002 FFF7FEFF 		bl	HAL_Init
 455              	.LVL14:
 119:Core/Src/main.c **** 
 456              		.loc 1 119 3 view .LVU109
 457 0006 FFF7FEFF 		bl	SystemClock_Config
 458              	.LVL15:
 126:Core/Src/main.c ****   MX_TIM1_Init();
 459              		.loc 1 126 3 view .LVU110
 460 000a FFF7FEFF 		bl	MX_GPIO_Init
 461              	.LVL16:
 127:Core/Src/main.c ****   MX_USART1_UART_Init();
 462              		.loc 1 127 3 view .LVU111
 463 000e FFF7FEFF 		bl	MX_TIM1_Init
 464              	.LVL17:
 128:Core/Src/main.c ****   /* USER CODE BEGIN 2 */
 465              		.loc 1 128 3 view .LVU112
 466 0012 FFF7FEFF 		bl	MX_USART1_UART_Init
 467              	.LVL18:
 132:Core/Src/main.c **** 
 468              		.loc 1 132 3 view .LVU113
 469 0016 0548     		ldr	r0, .L32
 470 0018 FFF7FEFF 		bl	HAL_TIM_Base_Start_IT
 471              	.LVL19:
 472              	.L30:
 140:Core/Src/main.c ****   {
 473              		.loc 1 140 3 discriminator 1 view .LVU114
 146:Core/Src/main.c **** 	 HAL_Delay(1000);
 474              		.loc 1 146 3 discriminator 1 view .LVU115
 475 001c 0448     		ldr	r0, .L32+4
 476 001e FFF7FEFF 		bl	TxPrintf
 477              	.LVL20:
 147:Core/Src/main.c **** 
 478              		.loc 1 147 3 discriminator 1 view .LVU116
 479 0022 4FF47A70 		mov	r0, #1000
 480 0026 FFF7FEFF 		bl	HAL_Delay
 481              	.LVL21:
 140:Core/Src/main.c ****   {
 482              		.loc 1 140 9 discriminator 1 view .LVU117
 483 002a F7E7     		b	.L30
 484              	.L33:
 485              		.align	2
 486              	.L32:
 487 002c 00000000 		.word	htim1
 488 0030 00000000 		.word	.LC0
 489              		.cfi_endproc
 490              	.LFE134:
 492              		.section	.bss.Buff.0,"aw",%nobits
 493              		.align	2
 494              		.set	.LANCHOR0,. + 0
 497              	Buff.0:
 498 0000 00000000 		.space	128
ARM GAS  C:\Users\노호진\AppData\Local\Temp\ccVxHQ9W.s 			page 17


 498      00000000 
 498      00000000 
 498      00000000 
 498      00000000 
 499              		.text
 500              	.Letext0:
 501              		.file 3 "c:\\program files (x86)\\gnu arm embedded toolchain\\10 2021.10\\arm-none-eabi\\include\\
 502              		.file 4 "c:\\program files (x86)\\gnu arm embedded toolchain\\10 2021.10\\arm-none-eabi\\include\\
 503              		.file 5 "Drivers/CMSIS/Device/ST/STM32F4xx/Include/stm32f407xx.h"
 504              		.file 6 "Drivers/CMSIS/Device/ST/STM32F4xx/Include/stm32f4xx.h"
 505              		.file 7 "Drivers/STM32F4xx_HAL_Driver/Inc/stm32f4xx_hal_def.h"
 506              		.file 8 "Drivers/STM32F4xx_HAL_Driver/Inc/stm32f4xx_hal_rcc_ex.h"
 507              		.file 9 "Drivers/STM32F4xx_HAL_Driver/Inc/stm32f4xx_hal_rcc.h"
 508              		.file 10 "Drivers/STM32F4xx_HAL_Driver/Inc/stm32f4xx_hal_dma.h"
 509              		.file 11 "Drivers/STM32F4xx_HAL_Driver/Inc/stm32f4xx_hal_tim.h"
 510              		.file 12 "Drivers/STM32F4xx_HAL_Driver/Inc/stm32f4xx_hal_uart.h"
 511              		.file 13 "Core/Inc/tim.h"
 512              		.file 14 "Core/Inc/usart.h"
 513              		.file 15 "c:\\program files (x86)\\gnu arm embedded toolchain\\10 2021.10\\lib\\gcc\\arm-none-eabi
 514              		.file 16 "Drivers/STM32F4xx_HAL_Driver/Inc/stm32f4xx_hal.h"
 515              		.file 17 "Core/Inc/gpio.h"
 516              		.file 18 "<built-in>"
ARM GAS  C:\Users\노호진\AppData\Local\Temp\ccVxHQ9W.s 			page 18


DEFINED SYMBOLS
                            *ABS*:00000000 main.c
C:\Users\노호진\AppData\Local\Temp\ccVxHQ9W.s:20     .text.SCIx_RxChar:00000000 $t
C:\Users\노호진\AppData\Local\Temp\ccVxHQ9W.s:26     .text.SCIx_RxChar:00000000 SCIx_RxChar
C:\Users\노호진\AppData\Local\Temp\ccVxHQ9W.s:57     .text.SCIx_RxChar:00000018 $d
C:\Users\노호진\AppData\Local\Temp\ccVxHQ9W.s:62     .text.SCIx_TxChar:00000000 $t
C:\Users\노호진\AppData\Local\Temp\ccVxHQ9W.s:68     .text.SCIx_TxChar:00000000 SCIx_TxChar
C:\Users\노호진\AppData\Local\Temp\ccVxHQ9W.s:100    .text.SCIx_TxChar:00000014 $d
C:\Users\노호진\AppData\Local\Temp\ccVxHQ9W.s:105    .text.SCIx_TxString:00000000 $t
C:\Users\노호진\AppData\Local\Temp\ccVxHQ9W.s:111    .text.SCIx_TxString:00000000 SCIx_TxString
C:\Users\노호진\AppData\Local\Temp\ccVxHQ9W.s:160    .text.TxPrintf:00000000 $t
C:\Users\노호진\AppData\Local\Temp\ccVxHQ9W.s:166    .text.TxPrintf:00000000 TxPrintf
C:\Users\노호진\AppData\Local\Temp\ccVxHQ9W.s:226    .text.TxPrintf:00000028 $d
C:\Users\노호진\AppData\Local\Temp\ccVxHQ9W.s:231    .text.Error_Handler:00000000 $t
C:\Users\노호진\AppData\Local\Temp\ccVxHQ9W.s:237    .text.Error_Handler:00000000 Error_Handler
C:\Users\노호진\AppData\Local\Temp\ccVxHQ9W.s:269    .text.SystemClock_Config:00000000 $t
C:\Users\노호진\AppData\Local\Temp\ccVxHQ9W.s:275    .text.SystemClock_Config:00000000 SystemClock_Config
C:\Users\노호진\AppData\Local\Temp\ccVxHQ9W.s:425    .text.SystemClock_Config:0000009c $d
C:\Users\노호진\AppData\Local\Temp\ccVxHQ9W.s:431    .rodata.main.str1.4:00000000 $d
C:\Users\노호진\AppData\Local\Temp\ccVxHQ9W.s:435    .text.main:00000000 $t
C:\Users\노호진\AppData\Local\Temp\ccVxHQ9W.s:441    .text.main:00000000 main
C:\Users\노호진\AppData\Local\Temp\ccVxHQ9W.s:487    .text.main:0000002c $d
C:\Users\노호진\AppData\Local\Temp\ccVxHQ9W.s:493    .bss.Buff.0:00000000 $d
C:\Users\노호진\AppData\Local\Temp\ccVxHQ9W.s:497    .bss.Buff.0:00000000 Buff.0

UNDEFINED SYMBOLS
huart1
vsprintf
memset
HAL_RCC_OscConfig
HAL_RCC_ClockConfig
HAL_Init
MX_GPIO_Init
MX_TIM1_Init
MX_USART1_UART_Init
HAL_TIM_Base_Start_IT
HAL_Delay
htim1
